<?xml version="1.0" encoding="UTF-8"?>
<beanMap>
    <bean id="testClass1" class="com.study.applicationcontext.impl.TestClass1">
    </bean>
</beanMap>